Content-Type: multipart/alternative;
 boundary="===============6494857610391467663=="
MIME-Version: 1.0
Subject: Profile activation
From: test@example.com
To: francis.sajiv@gmail.com
Date: Thu, 01 Nov 2018 17:32:27 -0000
Message-ID: <154109354708.22863.4393362319814288380@sajivs-mbp.home>

--===============6494857610391467663==
Content-Type: text/plain; charset="utf-8"
MIME-Version: 1.0
Content-Transfer-Encoding: 7bit



To activate your profile, please follow this link:

http://localhost:8000/accounts/activate/lt0N9BdA4ues84DCiMpN/

--===============6494857610391467663==
Content-Type: text/html; charset="utf-8"
MIME-Version: 1.0
Content-Transfer-Encoding: 7bit



<!DOCTYPE html PUBLIC "-//W3C//DTD XHTML 1.0 Transitional//EN"
        "http://www.w3.org/TR/xhtml1/DTD/xhtml1-transitional.dtd">
<html xmlns="http://www.w3.org/1999/xhtml">
<head>
    <meta http-equiv="Content-Type" content="text/html; charset=UTF-8"/>
    <title>Profile activation</title>
    <meta name="viewport" content="width=device-width, initial-scale=1.0"/>
</head>

<body>

<p>
    To activate your profile, please follow this link:
</p>

<p>
    <a href="http://localhost:8000/accounts/activate/lt0N9BdA4ues84DCiMpN/">http://localhost:8000/accounts/activate/lt0N9BdA4ues84DCiMpN/</a>
</p>

</body>

</html>

--===============6494857610391467663==--

-------------------------------------------------------------------------------
