Content-Type: multipart/alternative;
 boundary="===============4713837121890293841=="
MIME-Version: 1.0
Subject: Profile activation
From: test@example.com
To: testuser1@gmail.com
Date: Thu, 01 Nov 2018 17:31:44 -0000
Message-ID: <154109350469.22863.3409020763401325768@sajivs-mbp.home>

--===============4713837121890293841==
Content-Type: text/plain; charset="utf-8"
MIME-Version: 1.0
Content-Transfer-Encoding: 7bit



To activate your profile, please follow this link:

http://localhost:8000/accounts/activate/PA7CoHPqlmyTopRQPtgy/

--===============4713837121890293841==
Content-Type: text/html; charset="utf-8"
MIME-Version: 1.0
Content-Transfer-Encoding: 7bit



<!DOCTYPE html PUBLIC "-//W3C//DTD XHTML 1.0 Transitional//EN"
        "http://www.w3.org/TR/xhtml1/DTD/xhtml1-transitional.dtd">
<html xmlns="http://www.w3.org/1999/xhtml">
<head>
    <meta http-equiv="Content-Type" content="text/html; charset=UTF-8"/>
    <title>Profile activation</title>
    <meta name="viewport" content="width=device-width, initial-scale=1.0"/>
</head>

<body>

<p>
    To activate your profile, please follow this link:
</p>

<p>
    <a href="http://localhost:8000/accounts/activate/PA7CoHPqlmyTopRQPtgy/">http://localhost:8000/accounts/activate/PA7CoHPqlmyTopRQPtgy/</a>
</p>

</body>

</html>

--===============4713837121890293841==--

-------------------------------------------------------------------------------
