Content-Type: multipart/alternative;
 boundary="===============4566476692403037967=="
MIME-Version: 1.0
Subject: Profile activation
From: test@example.com
To: testing@gmail.com
Date: Wed, 31 Oct 2018 16:26:47 -0000
Message-ID: <154100320773.22863.7763172364780210460@sajivs-mbp.home>

--===============4566476692403037967==
Content-Type: text/plain; charset="utf-8"
MIME-Version: 1.0
Content-Transfer-Encoding: 7bit



To activate your profile, please follow this link:

http://localhost:8000/accounts/activate/Pf1q8NW3KOZyhAMyWxNJ/

--===============4566476692403037967==
Content-Type: text/html; charset="utf-8"
MIME-Version: 1.0
Content-Transfer-Encoding: 7bit



<!DOCTYPE html PUBLIC "-//W3C//DTD XHTML 1.0 Transitional//EN"
        "http://www.w3.org/TR/xhtml1/DTD/xhtml1-transitional.dtd">
<html xmlns="http://www.w3.org/1999/xhtml">
<head>
    <meta http-equiv="Content-Type" content="text/html; charset=UTF-8"/>
    <title>Profile activation</title>
    <meta name="viewport" content="width=device-width, initial-scale=1.0"/>
</head>

<body>

<p>
    To activate your profile, please follow this link:
</p>

<p>
    <a href="http://localhost:8000/accounts/activate/Pf1q8NW3KOZyhAMyWxNJ/">http://localhost:8000/accounts/activate/Pf1q8NW3KOZyhAMyWxNJ/</a>
</p>

</body>

</html>

--===============4566476692403037967==--

-------------------------------------------------------------------------------
